%!Adobe-FontList 1.14
%Locale:0x409

%BeginFont
Handler:DirectoryHandler
FontType:Invalid
OutlineFileName:C:\Users\1389416\Google Drive\Chasewikberg.github.io\Font\desktop.ini
FileModTime:1463597301
%EndFont

%BeginFont
Handler:DirectoryHandler
FontType:Invalid
OutlineFileName:C:\Users\1389416\Google Drive\Chasewikberg.github.io\Font\font.fnt
FileModTime:1462559476
%EndFont

%BeginFont
Handler:DirectoryHandler
FontType:Invalid
OutlineFileName:C:\Users\1389416\Google Drive\Chasewikberg.github.io\Font\font.png
FileModTime:1462559476
%EndFont

%BeginFont
Handler:DirectoryHandler
FontType:Invalid
OutlineFileName:C:\Users\1389416\Google Drive\Chasewikberg.github.io\Font\Pixel_Font .png
FileModTime:1462903853
%EndFont

%BeginFont
Handler:DirectoryHandler
FontType:Invalid
OutlineFileName:C:\Users\1389416\Google Drive\Chasewikberg.github.io\Font\Pixel_Font.fnt
FileModTime:1462903864
%EndFont

